[0m2021.11.14 07:02:03 INFO  Started: Metals version 0.10.9 in workspace '/home/sk/projects/aoc' for client Visual Studio Code 1.62.1.[0m
[0m2021.11.14 07:02:07 INFO  time: initialize in 4.01s[0m
[0m2021.11.14 07:02:09 WARN  Build server is not auto-connectable.[0m
[0m2021.11.14 07:02:09 WARN  no build tool detected in workspace '/home/sk/projects/aoc'. The most common cause for this problem is that the editor was opened in the wrong working directory, for example if you use sbt then the workspace directory should contain build.sbt. [0m
[0m2021.11.14 07:02:09 WARN  no build target for: /home/sk/projects/aoc/2020/app/src/test/scala/org/snowi/aoc2020/AppSuite.scala[0m
[0m2021.11.14 07:02:24 INFO  no build target: using presentation compiler with only scala-library: 3.1.0[0m
[0m2021.11.14 07:03:18 WARN  no build target for: /home/sk/projects/aoc/2020/app/src/main/scala/org/snowi/aoc2020/Puzzle1.scala[0m
[0m2021.11.14 07:03:23 WARN  no build target for: /home/sk/projects/aoc/2020/app/src/main/scala/org/snowi/aoc2020/App.scala[0m
Nov 14, 2021 7:03:28 AM org.eclipse.lsp4j.jsonrpc.RemoteEndpoint handleCancellation
WARNING: Unmatched cancel notification for request id 47
[0m2021.11.14 07:04:24 WARN  no build target for: /home/sk/projects/aoc/2020/app/src/main/scala/org/snowi/aoc2020/Puzzle1.scala[0m
Nov 14, 2021 7:04:25 AM org.eclipse.lsp4j.jsonrpc.RemoteEndpoint handleCancellation
WARNING: Unmatched cancel notification for request id 111
[0m2021.11.14 07:04:26 WARN  no build target for: /home/sk/projects/aoc/2020/app/src/test/scala/org/snowi/aoc2020/AppSuite.scala[0m
Nov 14, 2021 7:04:43 AM org.eclipse.lsp4j.jsonrpc.RemoteEndpoint handleCancellation
WARNING: Unmatched cancel notification for request id 117
[0m2021.11.14 07:04:43 WARN  no build target for: /home/sk/projects/aoc/2020/app/src/test/scala/org/snowi/aoc2020/AppSuite copy.scala[0m
[0m2021.11.14 07:04:58 WARN  no build target for: /home/sk/projects/aoc/2020/app/src/test/scala/org/snowi/aoc2020/Puzzle1Suite.scala[0m
[0m2021.11.14 07:05:17 WARN  no build target for: /home/sk/projects/aoc/2020/app/src/main/scala/org/snowi/aoc2020/App.scala[0m
[0m2021.11.14 07:05:17 WARN  no build target for: /home/sk/projects/aoc/2020/app/src/test/scala/org/snowi/aoc2020/AppSuite.scala[0m
[0m2021.11.14 07:05:17 WARN  no build target for: /home/sk/projects/aoc/2020/app/src/test/scala/org/snowi/aoc2020/Puzzle1Suite.scala[0m
[0m2021.11.14 07:05:17 WARN  no build target for: /home/sk/projects/aoc/2020/app/src/main/scala/org/snowi/aoc2020/Puzzle1.scala[0m
[0m2021.11.14 07:05:22 WARN  no build tool detected in workspace '/home/sk/projects/aoc'. The most common cause for this problem is that the editor was opened in the wrong working directory, for example if you use sbt then the workspace directory should contain build.sbt. [0m
[0m2021.11.14 07:07:42 WARN  no build target for: /home/sk/projects/aoc/2020/app/src/test/scala/org/snowi/aoc2020/Puzzle1Suite.scala[0m
[0m2021.11.14 07:10:05 WARN  no build target for: /home/sk/projects/aoc/2020/app/src/test/scala/org/snowi/aoc2020/Puzzle1Suite.scala[0m
Exception in thread "pool-3-thread-1" dotty.tools.dotc.ast.Trees$UnAssignedTypeException: type of Select(Select(Ident(org),scalatest),funsuite) is not assigned
	at dotty.tools.dotc.ast.Trees$Tree.tpe(Trees.scala:78)
	at dotty.tools.dotc.semanticdb.ExtractSemanticDB$Extractor.traverse$$anonfun$13(ExtractSemanticDB.scala:242)
	at scala.runtime.function.JProcedure1.apply(JProcedure1.java:15)
	at scala.runtime.function.JProcedure1.apply(JProcedure1.java:10)
	at scala.collection.immutable.List.foreach(List.scala:333)
	at dotty.tools.dotc.semanticdb.ExtractSemanticDB$Extractor.traverse(ExtractSemanticDB.scala:245)
	at dotty.tools.dotc.semanticdb.ExtractSemanticDB$Extractor.traverse$$anonfun$1(ExtractSemanticDB.scala:138)
	at scala.runtime.function.JProcedure1.apply(JProcedure1.java:15)
	at scala.runtime.function.JProcedure1.apply(JProcedure1.java:10)
	at scala.collection.immutable.List.foreach(List.scala:333)
	at dotty.tools.dotc.semanticdb.ExtractSemanticDB$Extractor.traverse(ExtractSemanticDB.scala:138)
	at scala.meta.internal.pc.SemanticdbTextDocumentProvider.textDocument(SemanticdbTextDocumentProvider.scala:39)
	at scala.meta.internal.pc.ScalaPresentationCompiler.semanticdbTextDocument$$anonfun$1(ScalaPresentationCompiler.scala:229)
	at scala.meta.internal.pc.CompilerAccess.withSharedCompiler(CompilerAccess.scala:137)
	at scala.meta.internal.pc.CompilerAccess.withNonInterruptableCompiler$$anonfun$1(CompilerAccess.scala:125)
	at scala.meta.internal.pc.CompilerAccess.onCompilerJobQueue$$anonfun$1(CompilerAccess.scala:197)
	at scala.meta.internal.pc.CompilerJobQueue$Job.run(CompilerJobQueue.scala:139)
	at java.base/java.util.concurrent.ThreadPoolExecutor.runWorker(ThreadPoolExecutor.java:1128)
	at java.base/java.util.concurrent.ThreadPoolExecutor$Worker.run(ThreadPoolExecutor.java:628)
	at java.base/java.lang.Thread.run(Thread.java:829)
[0m2021.11.14 07:10:27 WARN  no build target for: /home/sk/projects/aoc/2020/app/src/main/scala/org/snowi/aoc2020/puzzle1/Puzzle1.scala[0m
[0m2021.11.14 07:10:39 WARN  no build target for: /home/sk/projects/aoc/2020/app/src/test/scala/org/snowi/aoc2020/puzzle1/Puzzle1Suite.scala[0m
Exception in thread "pool-3-thread-2" dotty.tools.dotc.ast.Trees$UnAssignedTypeException: type of Select(Select(Ident(org),scalatest),funsuite) is not assigned
	at dotty.tools.dotc.ast.Trees$Tree.tpe(Trees.scala:78)
	at dotty.tools.dotc.semanticdb.ExtractSemanticDB$Extractor.traverse$$anonfun$13(ExtractSemanticDB.scala:242)
	at scala.runtime.function.JProcedure1.apply(JProcedure1.java:15)
	at scala.runtime.function.JProcedure1.apply(JProcedure1.java:10)
	at scala.collection.immutable.List.foreach(List.scala:333)
	at dotty.tools.dotc.semanticdb.ExtractSemanticDB$Extractor.traverse(ExtractSemanticDB.scala:245)
	at dotty.tools.dotc.semanticdb.ExtractSemanticDB$Extractor.traverse$$anonfun$1(ExtractSemanticDB.scala:138)
	at scala.runtime.function.JProcedure1.apply(JProcedure1.java:15)
	at scala.runtime.function.JProcedure1.apply(JProcedure1.java:10)
	at scala.collection.immutable.List.foreach(List.scala:333)
	at dotty.tools.dotc.semanticdb.ExtractSemanticDB$Extractor.traverse(ExtractSemanticDB.scala:138)
	at scala.meta.internal.pc.SemanticdbTextDocumentProvider.textDocument(SemanticdbTextDocumentProvider.scala:39)
	at scala.meta.internal.pc.ScalaPresentationCompiler.semanticdbTextDocument$$anonfun$1(ScalaPresentationCompiler.scala:229)
	at scala.meta.internal.pc.CompilerAccess.withSharedCompiler(CompilerAccess.scala:137)
	at scala.meta.internal.pc.CompilerAccess.withNonInterruptableCompiler$$anonfun$1(CompilerAccess.scala:125)
	at scala.meta.internal.pc.CompilerAccess.onCompilerJobQueue$$anonfun$1(CompilerAccess.scala:197)
	at scala.meta.internal.pc.CompilerJobQueue$Job.run(CompilerJobQueue.scala:139)
	at java.base/java.util.concurrent.ThreadPoolExecutor.runWorker(ThreadPoolExecutor.java:1128)
	at java.base/java.util.concurrent.ThreadPoolExecutor$Worker.run(ThreadPoolExecutor.java:628)
	at java.base/java.lang.Thread.run(Thread.java:829)
[0m2021.11.14 07:10:59 INFO  time: code lens generation in 20s[0m
[0m2021.11.14 07:11:07 WARN  no build target for: /home/sk/projects/aoc/2020/app/src/test/scala/org/snowi/aoc2020/puzzle1/Puzzle1Suite.scala[0m
Nov 14, 2021 7:11:11 AM org.eclipse.lsp4j.jsonrpc.RemoteEndpoint handleCancellation
WARNING: Unmatched cancel notification for request id 276
[0m2021.11.14 07:11:24 WARN  no build target for: /home/sk/projects/aoc/2020/app/src/main/scala/org/snowi/aoc2020/puzzle1/Puzzle1.scala[0m
[0m2021.11.14 07:11:55 WARN  no build target for: /home/sk/projects/aoc/2020/app/src/main/scala/org/snowi/aoc2020/puzzle1/Puzzle1.scala[0m
[0m2021.11.14 07:15:54 WARN  no build target for: /home/sk/projects/aoc/2020/app/src/test/scala/org/snowi/aoc2020/puzzle1/Puzzle1Suite.scala[0m
Default dialect is deprecated; use explicit: [Scala211,scala212,Scala212Source3,scala213,Scala213Source3,Sbt0137,Sbt1,scala3]
Also see https://scalameta.org/scalafmt/docs/configuration.html#scala-dialects"
[0m2021.11.14 07:16:46 WARN  no build target for: /home/sk/projects/aoc/2020/app/src/test/scala/org/snowi/aoc2020/puzzle1/Puzzle1Suite.scala[0m
Nov 14, 2021 7:17:46 AM org.eclipse.lsp4j.jsonrpc.RemoteEndpoint handleCancellation
WARNING: Unmatched cancel notification for request id 522
[0m2021.11.14 07:30:22 WARN  no build target for: /home/sk/projects/aoc/2020/app/src/test/scala/org/snowi/aoc2020/AppSuite.scala[0m
Nov 14, 2021 7:30:23 AM org.eclipse.lsp4j.jsonrpc.RemoteEndpoint handleCancellation
WARNING: Unmatched cancel notification for request id 809
[0m2021.11.14 07:31:25 WARN  no build target for: /home/sk/projects/aoc/2020/app/src/test/scala/org/snowi/aoc2020/puzzle1/Puzzle1Suite.scala[0m
[0m2021.11.14 07:31:39 WARN  no build target for: /home/sk/projects/aoc/2020/app/src/test/scala/org/snowi/aoc2020/puzzle1/Puzzle1Suite.scala[0m
Nov 14, 2021 7:31:46 AM org.eclipse.lsp4j.jsonrpc.RemoteEndpoint handleCancellation
WARNING: Unmatched cancel notification for request id 927
[0m2021.11.14 07:32:27 WARN  no build target for: /home/sk/projects/aoc/2020/app/src/main/scala/org/snowi/aoc2020/puzzle1/Puzzle1.scala[0m
Nov 14, 2021 7:32:33 AM org.eclipse.lsp4j.jsonrpc.RemoteEndpoint handleCancellation
WARNING: Unmatched cancel notification for request id 997
[0m2021.11.14 07:33:13 WARN  no build target for: /home/sk/projects/aoc/2020/app/src/test/scala/org/snowi/aoc2020/puzzle1/Puzzle1Suite.scala[0m
[0m2021.11.14 07:34:09 WARN  no build target for: /home/sk/projects/aoc/2020/app/src/test/scala/org/snowi/aoc2020/puzzle1/Puzzle1Suite.scala[0m
Nov 14, 2021 7:34:12 AM org.eclipse.lsp4j.jsonrpc.RemoteEndpoint handleCancellation
WARNING: Unmatched cancel notification for request id 1111
[0m2021.11.14 07:34:59 WARN  no build target for: /home/sk/projects/aoc/2020/app/src/main/scala/org/snowi/aoc2020/puzzle1/Puzzle1.scala[0m
[0m2021.11.14 07:35:05 WARN  no build target for: /home/sk/projects/aoc/2020/app/src/main/scala/org/snowi/aoc2020/puzzle1/Puzzle1.scala[0m
[0m2021.11.14 07:39:23 WARN  no build target for: /home/sk/projects/aoc/2020/app/src/main/scala/org/snowi/aoc2020/puzzle1/Puzzle1.scala[0m
[0m2021.11.14 07:39:45 WARN  no build target for: /home/sk/projects/aoc/2020/app/src/main/scala/org/snowi/aoc2020/puzzle1/Puzzle1.scala[0m
Nov 14, 2021 7:41:04 AM org.eclipse.lsp4j.jsonrpc.RemoteEndpoint handleCancellation
WARNING: Unmatched cancel notification for request id 1551
[0m2021.11.14 07:41:22 WARN  no build target for: /home/sk/projects/aoc/2020/app/src/main/scala/org/snowi/aoc2020/puzzle1/Puzzle1.scala[0m
[0m2021.11.14 07:43:13 WARN  no build target for: /home/sk/projects/aoc/2020/app/src/main/scala/org/snowi/aoc2020/puzzle1/Puzzle1.scala[0m
[0m2021.11.14 07:43:50 WARN  no build target for: /home/sk/projects/aoc/2020/app/src/main/scala/org/snowi/aoc2020/puzzle1/Puzzle1.scala[0m
[0m2021.11.14 07:45:36 WARN  no build target for: /home/sk/projects/aoc/2020/app/src/main/scala/org/snowi/aoc2020/puzzle1/Puzzle1.scala[0m
[0m2021.11.14 07:48:26 WARN  no build target for: /home/sk/projects/aoc/2020/app/src/main/scala/org/snowi/aoc2020/puzzle1/Puzzle1.scala[0m
[0m2021.11.14 07:51:14 WARN  no build target for: /home/sk/projects/aoc/2020/app/src/main/scala/org/snowi/aoc2020/puzzle1/Puzzle1.scala[0m
[0m2021.11.14 07:51:28 WARN  no build target for: /home/sk/projects/aoc/2020/app/src/main/scala/org/snowi/aoc2020/puzzle1/Puzzle1.scala[0m
[0m2021.11.14 07:54:05 WARN  no build target for: /home/sk/projects/aoc/2020/app/src/main/scala/org/snowi/aoc2020/puzzle1/Puzzle1.scala[0m
[0m2021.11.14 07:56:53 WARN  no build target for: /home/sk/projects/aoc/2020/app/src/main/scala/org/snowi/aoc2020/puzzle1/Puzzle1.scala[0m
[0m2021.11.14 07:57:08 WARN  no build target for: /home/sk/projects/aoc/2020/app/src/main/scala/org/snowi/aoc2020/puzzle1/Puzzle1.scala[0m
[0m2021.11.14 07:58:20 WARN  no build target for: /home/sk/projects/aoc/2020/app/src/main/scala/org/snowi/aoc2020/puzzle1/Puzzle1.scala[0m
